{
  "stats": {
    "suites": 1,
    "tests": 1,
    "passes": 1,
    "pending": 0,
    "failures": 0,
    "start": "2021-04-27T11:29:40.621Z",
    "end": "2021-04-27T11:29:51.589Z",
    "duration": 10968,
    "testsRegistered": 1,
    "passPercent": 100,
    "pendingPercent": 0,
    "other": 0,
    "hasOther": false,
    "skipped": 0,
    "hasSkipped": false
  },
  "results": [
    {
      "uuid": "75aa5e13-42d9-42d4-9a1e-b6e6c7822f76",
      "title": "",
      "fullFile": "cypress\\integration\\examples\\tabeles.js",
      "file": "cypress\\integration\\examples\\tabeles.js",
      "beforeHooks": [],
      "afterHooks": [],
      "tests": [],
      "suites": [
        {
          "uuid": "72650355-c27c-42eb-888a-d28c3d55404a",
          "title": "Table",
          "fullFile": "",
          "file": "",
          "beforeHooks": [],
          "afterHooks": [],
          "tests": [
            {
              "title": "Item check",
              "fullTitle": "Table Item check",
              "timedOut": null,
              "duration": 8506,
              "state": "passed",
              "speed": "slow",
              "pass": true,
              "fail": false,
              "pending": false,
              "context": null,
              "code": "cy.visit(\"https://rahulshettyacademy.com/AutomationPractice/\"); // tables\ncy.get('tr td:nth-child(2)').each(function ($el, index, $list) {\n  var text = $el.text();\n  if (text.includes('Python')) {\n    cy.get('tr td:nth-child(2)').eq(index).next().then(function (price) {\n      var pricetext = price.text();\n      expect(pricetext).to.equal('25');\n    });\n  }\n});",
              "err": {},
              "uuid": "7cd38fe4-c2a4-48fd-90a2-a674be25a8b0",
              "parentUUID": "72650355-c27c-42eb-888a-d28c3d55404a",
              "isHook": false,
              "skipped": false
            }
          ],
          "suites": [],
          "passes": [
            "7cd38fe4-c2a4-48fd-90a2-a674be25a8b0"
          ],
          "failures": [],
          "pending": [],
          "skipped": [],
          "duration": 8506,
          "root": false,
          "rootEmpty": false,
          "_timeout": 2000
        }
      ],
      "passes": [],
      "failures": [],
      "pending": [],
      "skipped": [],
      "duration": 0,
      "root": true,
      "rootEmpty": true,
      "_timeout": 2000
    }
  ],
  "meta": {
    "mocha": {
      "version": "5.2.0"
    },
    "mochawesome": {
      "options": {
        "quiet": false,
        "reportFilename": "mochawesome",
        "saveHtml": true,
        "saveJson": true,
        "consoleReporter": "spec",
        "useInlineDiffs": false
      },
      "version": "4.1.0"
    },
    "marge": {
      "options": {},
      "version": "4.1.0"
    }
  }
}